0 info it worked if it ends with ok
1 verbose cli [ '/Users/JuanMaRuiz/.nvm/versions/node/v6.9.4/bin/node',
1 verbose cli   '/Users/JuanMaRuiz/.nvm/versions/node/v6.9.4/bin/npm',
1 verbose cli   'run',
1 verbose cli   'test',
1 verbose cli   '--',
1 verbose cli   '--grep=Password Checker' ]
2 info using npm@3.10.10
3 info using node@v6.9.4
4 verbose run-script [ 'pretest', 'test', 'posttest' ]
5 info lifecycle javascript-exercises@1.0.0~pretest: javascript-exercises@1.0.0
6 silly lifecycle javascript-exercises@1.0.0~pretest: no script for pretest, continuing
7 info lifecycle javascript-exercises@1.0.0~test: javascript-exercises@1.0.0
8 verbose lifecycle javascript-exercises@1.0.0~test: unsafe-perm in lifecycle true
9 verbose lifecycle javascript-exercises@1.0.0~test: PATH: /Users/JuanMaRuiz/.nvm/versions/node/v6.9.4/lib/node_modules/npm/bin/node-gyp-bin:/Users/JuanMaRuiz/Documents/projects/git-hub/javascript-exercises/node_modules/.bin:/Users/JuanMaRuiz/.nvm/versions/node/v6.9.4/bin:/usr/local/bin:/usr/bin:/bin:/usr/sbin:/sbin:/opt/ImageMagick/bin
10 verbose lifecycle javascript-exercises@1.0.0~test: CWD: /Users/JuanMaRuiz/Documents/projects/git-hub/javascript-exercises
11 silly lifecycle javascript-exercises@1.0.0~test: Args: [ '-c', 'mocha "--grep=Password Checker"' ]
12 silly lifecycle javascript-exercises@1.0.0~test: Returned: code: 3  signal: null
13 info lifecycle javascript-exercises@1.0.0~test: Failed to exec test script
14 verbose stack Error: javascript-exercises@1.0.0 test: `mocha "--grep=Password Checker"`
14 verbose stack Exit status 3
14 verbose stack     at EventEmitter.<anonymous> (/Users/JuanMaRuiz/.nvm/versions/node/v6.9.4/lib/node_modules/npm/lib/utils/lifecycle.js:255:16)
14 verbose stack     at emitTwo (events.js:106:13)
14 verbose stack     at EventEmitter.emit (events.js:191:7)
14 verbose stack     at ChildProcess.<anonymous> (/Users/JuanMaRuiz/.nvm/versions/node/v6.9.4/lib/node_modules/npm/lib/utils/spawn.js:40:14)
14 verbose stack     at emitTwo (events.js:106:13)
14 verbose stack     at ChildProcess.emit (events.js:191:7)
14 verbose stack     at maybeClose (internal/child_process.js:877:16)
14 verbose stack     at Process.ChildProcess._handle.onexit (internal/child_process.js:226:5)
15 verbose pkgid javascript-exercises@1.0.0
16 verbose cwd /Users/JuanMaRuiz/Documents/projects/git-hub/javascript-exercises
17 error Darwin 16.5.0
18 error argv "/Users/JuanMaRuiz/.nvm/versions/node/v6.9.4/bin/node" "/Users/JuanMaRuiz/.nvm/versions/node/v6.9.4/bin/npm" "run" "test" "--" "--grep=Password Checker"
19 error node v6.9.4
20 error npm  v3.10.10
21 error code ELIFECYCLE
22 error javascript-exercises@1.0.0 test: `mocha "--grep=Password Checker"`
22 error Exit status 3
23 error Failed at the javascript-exercises@1.0.0 test script 'mocha "--grep=Password Checker"'.
23 error Make sure you have the latest version of node.js and npm installed.
23 error If you do, this is most likely a problem with the javascript-exercises package,
23 error not with npm itself.
23 error Tell the author that this fails on your system:
23 error     mocha "--grep=Password Checker"
23 error You can get information on how to open an issue for this project with:
23 error     npm bugs javascript-exercises
23 error Or if that isn't available, you can get their info via:
23 error     npm owner ls javascript-exercises
23 error There is likely additional logging output above.
24 verbose exit [ 1, true ]
